[30m2021-12-25 14:45:13,285[0;39m [34m[0;39m[32m INFO[0;39m [[34mmain[0;39m] [33morg.springframework.boot.StartupInfoLogger[0;39m : Starting DiscoveryServiceApplication using Java 1.8.0_202 on DESKTOP-MFJBM3L with PID 20752 (C:\Users\werty\Downloads\Compressed\discovery-service\discovery-service\target\classes started by werty in C:\Users\werty\Downloads\Compressed\discovery-service\discovery-service)
[30m2021-12-25 14:45:13,287[0;39m [34m[0;39m[32m INFO[0;39m [[34mmain[0;39m] [33morg.springframework.boot.SpringApplication[0;39m : No active profile set, falling back to default profiles: default
[30m2021-12-25 14:45:14,405[0;39m [34m[0;39m[32m INFO[0;39m [[34mmain[0;39m] [33morg.springframework.cloud.context.scope.GenericScope[0;39m : BeanFactory id=01fc64ca-cb76-305c-8c5e-c265d3e27990
[30m2021-12-25 14:45:14,681[0;39m [34m[0;39m[32m INFO[0;39m [[34mmain[0;39m] [33morg.springframework.boot.web.embedded.tomcat.TomcatWebServer[0;39m : Tomcat initialized with port(s): 443 (http)
[30m2021-12-25 14:45:14,691[0;39m [34m[0;39m[32m INFO[0;39m [[34mmain[0;39m] [33morg.apache.juli.logging.DirectJDKLog[0;39m : Starting service [Tomcat]
[30m2021-12-25 14:45:14,691[0;39m [34m[0;39m[32m INFO[0;39m [[34mmain[0;39m] [33morg.apache.juli.logging.DirectJDKLog[0;39m : Starting Servlet engine: [Apache Tomcat/9.0.56]
[30m2021-12-25 14:45:14,812[0;39m [34m[0;39m[32m INFO[0;39m [[34mmain[0;39m] [33morg.apache.juli.logging.DirectJDKLog[0;39m : Initializing Spring embedded WebApplicationContext
[30m2021-12-25 14:45:14,813[0;39m [34m[0;39m[32m INFO[0;39m [[34mmain[0;39m] [33morg.springframework.boot.web.servlet.context.ServletWebServerApplicationContext[0;39m : Root WebApplicationContext: initialization completed in 1482 ms
[30m2021-12-25 14:45:15,419[0;39m [34m[0;39m[32m INFO[0;39m [[34mmain[0;39m] [33mcom.sun.jersey.server.impl.application.WebApplicationImpl[0;39m : Initiating Jersey application, version 'Jersey: 1.19.4 05/24/2017 03:20 PM'
[30m2021-12-25 14:45:15,484[0;39m [34m[0;39m[32m INFO[0;39m [[34mmain[0;39m] [33mcom.netflix.discovery.provider.DiscoveryJerseyProvider[0;39m : Using JSON encoding codec LegacyJacksonJson
[30m2021-12-25 14:45:15,485[0;39m [34m[0;39m[32m INFO[0;39m [[34mmain[0;39m] [33mcom.netflix.discovery.provider.DiscoveryJerseyProvider[0;39m : Using JSON decoding codec LegacyJacksonJson
[30m2021-12-25 14:45:15,616[0;39m [34m[0;39m[32m INFO[0;39m [[34mmain[0;39m] [33mcom.netflix.discovery.provider.DiscoveryJerseyProvider[0;39m : Using XML encoding codec XStreamXml
[30m2021-12-25 14:45:15,617[0;39m [34m[0;39m[32m INFO[0;39m [[34mmain[0;39m] [33mcom.netflix.discovery.provider.DiscoveryJerseyProvider[0;39m : Using XML decoding codec XStreamXml
[30m2021-12-25 14:45:17,664[0;39m [34m[0;39m[32m INFO[0;39m [[34mmain[0;39m] [33morg.springframework.cloud.commons.util.InetUtils[0;39m : Cannot determine local hostname
[30m2021-12-25 14:45:21,196[0;39m [34m[0;39m[32m INFO[0;39m [[34mmain[0;39m] [33morg.springframework.cloud.commons.util.InetUtils[0;39m : Cannot determine local hostname
[30m2021-12-25 14:45:21,203[0;39m [34m[0;39m[32m INFO[0;39m [[34mmain[0;39m] [33morg.springframework.cloud.netflix.eureka.config.DiscoveryClientOptionalArgsConfiguration[0;39m : Eureka HTTP Client uses Jersey
[30m2021-12-25 14:45:21,392[0;39m [31m[0;39m[33m WARN[0;39m [[34mmain[0;39m] [33morg.springframework.cloud.loadbalancer.config.LoadBalancerCacheAutoConfiguration$LoadBalancerCaffeineWarnLogger[0;39m : Spring Cloud LoadBalancer is currently working with the default cache. You can switch to using Caffeine cache, by adding it and org.springframework.cache.caffeine.CaffeineCacheManager to the classpath.
[30m2021-12-25 14:45:21,410[0;39m [34m[0;39m[32m INFO[0;39m [[34mmain[0;39m] [33morg.springframework.cloud.netflix.eureka.InstanceInfoFactory[0;39m : Setting initial instance status as: STARTING
[30m2021-12-25 14:45:21,454[0;39m [34m[0;39m[32m INFO[0;39m [[34mmain[0;39m] [33mcom.netflix.discovery.DiscoveryClient[0;39m : Initializing Eureka in region us-east-1
[30m2021-12-25 14:45:21,454[0;39m [34m[0;39m[32m INFO[0;39m [[34mmain[0;39m] [33mcom.netflix.discovery.DiscoveryClient[0;39m : Client configured to neither register nor query for data.
[30m2021-12-25 14:45:21,466[0;39m [34m[0;39m[32m INFO[0;39m [[34mmain[0;39m] [33mcom.netflix.discovery.DiscoveryClient[0;39m : Discovery Client initialized at timestamp 1640439921464 with initial instances count: 0
[30m2021-12-25 14:45:21,506[0;39m [34m[0;39m[32m INFO[0;39m [[34mmain[0;39m] [33mcom.netflix.eureka.DefaultEurekaServerContext[0;39m : Initializing ...
[30m2021-12-25 14:45:21,508[0;39m [31m[0;39m[33m WARN[0;39m [[34mmain[0;39m] [33mcom.netflix.eureka.cluster.PeerEurekaNodes[0;39m : The replica size seems to be empty. Check the route 53 DNS Registry
[30m2021-12-25 14:45:21,525[0;39m [34m[0;39m[32m INFO[0;39m [[34mmain[0;39m] [33mcom.netflix.eureka.registry.AbstractInstanceRegistry[0;39m : Finished initializing remote region registries. All known remote regions: []
[30m2021-12-25 14:45:21,526[0;39m [34m[0;39m[32m INFO[0;39m [[34mmain[0;39m] [33mcom.netflix.eureka.DefaultEurekaServerContext[0;39m : Initialized
[30m2021-12-25 14:45:21,528[0;39m [31m[0;39m[33m WARN[0;39m [[34mmain[0;39m] [33morg.springframework.cloud.starter.eureka.server.EurekaServerStarterDeprecationWarningAutoConfiguration[0;39m : spring-cloud-starter-eureka-server is deprecated as of Spring Cloud Netflix 1.4.0, please migrate to spring-cloud-starter-netflix-eureka-server
[30m2021-12-25 14:45:21,533[0;39m [34m[0;39m[32m INFO[0;39m [[34mmain[0;39m] [33morg.springframework.boot.actuate.endpoint.web.EndpointLinksResolver[0;39m : Exposing 17 endpoint(s) beneath base path '/actuator'
[30m2021-12-25 14:45:21,601[0;39m [34m[0;39m[32m INFO[0;39m [[34mmain[0;39m] [33morg.springframework.cloud.netflix.eureka.serviceregistry.EurekaServiceRegistry[0;39m : Registering application DISCOVERY-SERVICE with eureka with status UP
[30m2021-12-25 14:45:21,604[0;39m [34m[0;39m[32m INFO[0;39m [[34mThread-28[0;39m] [33morg.springframework.cloud.netflix.eureka.server.EurekaServerBootstrap[0;39m : Setting the eureka configuration..
[30m2021-12-25 14:45:21,625[0;39m [34m[0;39m[32m INFO[0;39m [[34mThread-28[0;39m] [33morg.springframework.cloud.netflix.eureka.server.EurekaServerBootstrap[0;39m : isAws returned false
[30m2021-12-25 14:45:21,626[0;39m [34m[0;39m[32m INFO[0;39m [[34mThread-28[0;39m] [33morg.springframework.cloud.netflix.eureka.server.EurekaServerBootstrap[0;39m : Initialized server context
[30m2021-12-25 14:45:21,626[0;39m [34m[0;39m[32m INFO[0;39m [[34mThread-28[0;39m] [33mcom.netflix.eureka.registry.PeerAwareInstanceRegistryImpl[0;39m : Got 1 instances from neighboring DS node
[30m2021-12-25 14:45:21,627[0;39m [34m[0;39m[32m INFO[0;39m [[34mThread-28[0;39m] [33mcom.netflix.eureka.registry.PeerAwareInstanceRegistryImpl[0;39m : Renew threshold is: 1
[30m2021-12-25 14:45:21,627[0;39m [34m[0;39m[32m INFO[0;39m [[34mThread-28[0;39m] [33mcom.netflix.eureka.registry.PeerAwareInstanceRegistryImpl[0;39m : Changing status to UP
[30m2021-12-25 14:45:21,629[0;39m [34m[0;39m[32m INFO[0;39m [[34mmain[0;39m] [33morg.springframework.boot.web.embedded.tomcat.TomcatWebServer[0;39m : Tomcat started on port(s): 443 (http) with context path ''
[30m2021-12-25 14:45:21,630[0;39m [34m[0;39m[32m INFO[0;39m [[34mmain[0;39m] [33morg.springframework.cloud.netflix.eureka.serviceregistry.EurekaAutoServiceRegistration[0;39m : Updating port to 443
[30m2021-12-25 14:45:21,638[0;39m [34m[0;39m[32m INFO[0;39m [[34mThread-28[0;39m] [33morg.springframework.cloud.netflix.eureka.server.EurekaServerInitializerConfiguration[0;39m : Started Eureka Server
[30m2021-12-25 14:45:23,048[0;39m [34m[0;39m[32m INFO[0;39m [[34mmain[0;39m] [33morg.springframework.cloud.commons.util.InetUtils[0;39m : Cannot determine local hostname
[30m2021-12-25 14:45:23,090[0;39m [34m[0;39m[32m INFO[0;39m [[34mmain[0;39m] [33morg.springframework.boot.StartupInfoLogger[0;39m : Started DiscoveryServiceApplication in 12.049 seconds (JVM running for 13.39)
[30m2021-12-25 14:45:23,666[0;39m [34m[0;39m[32m INFO[0;39m [[34mRMI TCP Connection(3)-172.29.48.1[0;39m] [33morg.apache.juli.logging.DirectJDKLog[0;39m : Initializing Spring DispatcherServlet 'dispatcherServlet'
[30m2021-12-25 14:45:23,667[0;39m [34m[0;39m[32m INFO[0;39m [[34mRMI TCP Connection(3)-172.29.48.1[0;39m] [33morg.springframework.web.servlet.FrameworkServlet[0;39m : Initializing Servlet 'dispatcherServlet'
[30m2021-12-25 14:45:23,669[0;39m [34m[0;39m[32m INFO[0;39m [[34mRMI TCP Connection(3)-172.29.48.1[0;39m] [33morg.springframework.web.servlet.FrameworkServlet[0;39m : Completed initialization in 2 ms
[30m2021-12-25 14:45:24,551[0;39m [34m[0;39m[32m INFO[0;39m [[34mregistrationTask1[0;39m] [33mde.codecentric.boot.admin.client.registration.DefaultApplicationRegistrator[0;39m : Application registered itself as 9410b32d15a3
[30m2021-12-25 14:45:38,973[0;39m [34m[0;39m[32m INFO[0;39m [[34mSpringApplicationShutdownHook[0;39m] [33morg.springframework.cloud.netflix.eureka.serviceregistry.EurekaServiceRegistry[0;39m : Unregistering application DISCOVERY-SERVICE with eureka with status DOWN
[30m2021-12-25 14:45:39,256[0;39m [34m[0;39m[32m INFO[0;39m [[34mSpringApplicationShutdownHook[0;39m] [33morg.springframework.cloud.netflix.eureka.server.EurekaServerBootstrap[0;39m : Shutting down Eureka Server..
[30m2021-12-25 14:45:39,268[0;39m [34m[0;39m[32m INFO[0;39m [[34mSpringApplicationShutdownHook[0;39m] [33mcom.netflix.eureka.DefaultEurekaServerContext[0;39m : Shutting down ...
[30m2021-12-25 14:45:39,289[0;39m [34m[0;39m[32m INFO[0;39m [[34mSpringApplicationShutdownHook[0;39m] [33mcom.netflix.eureka.DefaultEurekaServerContext[0;39m : Shut down
[30m2021-12-25 14:45:39,289[0;39m [34m[0;39m[32m INFO[0;39m [[34mSpringApplicationShutdownHook[0;39m] [33morg.springframework.cloud.netflix.eureka.server.EurekaServerBootstrap[0;39m : Eureka Service is now shutdown...
[30m2021-12-25 14:45:39,290[0;39m [34m[0;39m[32m INFO[0;39m [[34mSpringApplicationShutdownHook[0;39m] [33mcom.netflix.eureka.DefaultEurekaServerContext[0;39m : Shutting down ...
[30m2021-12-25 14:45:39,294[0;39m [34m[0;39m[32m INFO[0;39m [[34mSpringApplicationShutdownHook[0;39m] [33mcom.netflix.eureka.DefaultEurekaServerContext[0;39m : Shut down
[30m2021-12-25 14:45:39,300[0;39m [34m[0;39m[32m INFO[0;39m [[34mSpringApplicationShutdownHook[0;39m] [33mcom.netflix.discovery.DiscoveryClient[0;39m : Shutting down DiscoveryClient ...
[30m2021-12-25 14:45:39,300[0;39m [34m[0;39m[32m INFO[0;39m [[34mSpringApplicationShutdownHook[0;39m] [33mcom.netflix.discovery.DiscoveryClient[0;39m : Completed shut down of DiscoveryClient
